<?xml version="1.0" encoding="UTF-8"?>
<!-- Generated by org.testng.reporters.JUnitXMLReporter -->
<testsuite ignored="4" hostname="ASUSVIVOBOOKS15" failures="0" tests="2" name="Test" time="0.07" errors="0" timestamp="2025-07-17T14:46:50 IST">
  <testcase classname="ListenersUtilization.TestExecution" name="demo" time="0.006"/>
  <testcase classname="ListenersUtilization.Execution" name="demo" time="0.002"/>
  <testcase classname="BaseClassUtility.BaseClass" name="@BeforeSuite bs" time="0.0">
    <ignored/>
  </testcase> <!-- @BeforeSuite bs -->
  <testcase classname="BaseClassUtility.BaseClass" name="@AfterTest at" time="0.0">
    <ignored/>
  </testcase> <!-- @AfterTest at -->
  <testcase classname="BaseClassUtility.BaseClass" name="@BeforeTest bt" time="0.0">
    <ignored/>
  </testcase> <!-- @BeforeTest bt -->
  <testcase classname="BaseClassUtility.BaseClass" name="@AfterSuite as" time="0.0">
    <ignored/>
  </testcase> <!-- @AfterSuite as -->
</testsuite> <!-- Test -->
