<?xml version="1.0" encoding="UTF-8"?>
<testng-results ignored="0" total="2" passed="2" failed="0" skipped="0">
  <reporter-output>
  </reporter-output>
  <suite started-at="2025-07-17T14:46:50 IST" name="Suite" finished-at="2025-07-17T14:46:50 IST" duration-ms="70">
    <groups>
    </groups>
    <test started-at="2025-07-17T14:46:50 IST" name="Test" finished-at="2025-07-17T14:46:50 IST" duration-ms="70">
      <class name="ListenersUtilization.TestExecution">
        <test-method is-config="true" signature="bs()[pri:0, instance:ListenersUtilization.TestExecution@1ca3b418]" started-at="2025-07-17T14:46:50 IST" name="bs" finished-at="2025-07-17T14:46:50 IST" duration-ms="16" status="PASS">
          <reporter-output>
          </reporter-output>
        </test-method> <!-- bs -->
        <test-method is-config="true" signature="bt()[pri:0, instance:ListenersUtilization.TestExecution@1ca3b418]" started-at="2025-07-17T14:46:50 IST" name="bt" finished-at="2025-07-17T14:46:50 IST" duration-ms="1" status="PASS">
          <reporter-output>
          </reporter-output>
        </test-method> <!-- bt -->
        <test-method is-config="true" signature="bc()[pri:0, instance:ListenersUtilization.TestExecution@1ca3b418]" started-at="2025-07-17T14:46:50 IST" name="bc" finished-at="2025-07-17T14:46:50 IST" duration-ms="1" status="PASS">
          <reporter-output>
          </reporter-output>
        </test-method> <!-- bc -->
        <test-method is-config="true" signature="bm()[pri:0, instance:ListenersUtilization.TestExecution@1ca3b418]" started-at="2025-07-17T14:46:50 IST" name="bm" finished-at="2025-07-17T14:46:50 IST" duration-ms="0" status="PASS">
          <reporter-output>
          </reporter-output>
        </test-method> <!-- bm -->
        <test-method signature="demo()[pri:0, instance:ListenersUtilization.TestExecution@1ca3b418]" started-at="2025-07-17T14:46:50 IST" name="demo" finished-at="2025-07-17T14:46:50 IST" duration-ms="6" status="PASS">
          <reporter-output>
          </reporter-output>
        </test-method> <!-- demo -->
        <test-method is-config="true" signature="am()[pri:0, instance:ListenersUtilization.TestExecution@1ca3b418]" started-at="2025-07-17T14:46:50 IST" name="am" finished-at="2025-07-17T14:46:50 IST" duration-ms="1" status="PASS">
          <reporter-output>
          </reporter-output>
        </test-method> <!-- am -->
        <test-method is-config="true" signature="ac()[pri:0, instance:ListenersUtilization.TestExecution@1ca3b418]" started-at="2025-07-17T14:46:50 IST" name="ac" finished-at="2025-07-17T14:46:50 IST" duration-ms="1" status="PASS">
          <reporter-output>
          </reporter-output>
        </test-method> <!-- ac -->
        <test-method is-config="true" signature="at()[pri:0, instance:ListenersUtilization.TestExecution@1ca3b418]" started-at="2025-07-17T14:46:50 IST" name="at" finished-at="2025-07-17T14:46:50 IST" duration-ms="0" status="PASS">
          <reporter-output>
          </reporter-output>
        </test-method> <!-- at -->
        <test-method is-config="true" signature="as()[pri:0, instance:ListenersUtilization.TestExecution@1ca3b418]" started-at="2025-07-17T14:46:50 IST" name="as" finished-at="2025-07-17T14:46:50 IST" duration-ms="1" status="PASS">
          <reporter-output>
          </reporter-output>
        </test-method> <!-- as -->
      </class> <!-- ListenersUtilization.TestExecution -->
      <class name="ListenersUtilization.Execution">
        <test-method is-config="true" signature="bm()[pri:0, instance:ListenersUtilization.Execution@74e28667]" started-at="2025-07-17T14:46:50 IST" name="bm" finished-at="2025-07-17T14:46:50 IST" duration-ms="1" status="PASS">
          <reporter-output>
          </reporter-output>
        </test-method> <!-- bm -->
        <test-method is-config="true" signature="bc()[pri:0, instance:ListenersUtilization.Execution@74e28667]" started-at="2025-07-17T14:46:50 IST" name="bc" finished-at="2025-07-17T14:46:50 IST" duration-ms="0" status="PASS">
          <reporter-output>
          </reporter-output>
        </test-method> <!-- bc -->
        <test-method signature="demo()[pri:0, instance:ListenersUtilization.Execution@74e28667]" started-at="2025-07-17T14:46:50 IST" name="demo" finished-at="2025-07-17T14:46:50 IST" duration-ms="2" status="PASS">
          <reporter-output>
          </reporter-output>
        </test-method> <!-- demo -->
        <test-method is-config="true" signature="am()[pri:0, instance:ListenersUtilization.Execution@74e28667]" started-at="2025-07-17T14:46:50 IST" name="am" finished-at="2025-07-17T14:46:50 IST" duration-ms="0" status="PASS">
          <reporter-output>
          </reporter-output>
        </test-method> <!-- am -->
        <test-method is-config="true" signature="ac()[pri:0, instance:ListenersUtilization.Execution@74e28667]" started-at="2025-07-17T14:46:50 IST" name="ac" finished-at="2025-07-17T14:46:50 IST" duration-ms="0" status="PASS">
          <reporter-output>
          </reporter-output>
        </test-method> <!-- ac -->
      </class> <!-- ListenersUtilization.Execution -->
    </test> <!-- Test -->
  </suite> <!-- Suite -->
</testng-results>
